<?xml version="1.0" encoding="UTF-8"?>
<!-- Generated by org.testng.reporters.JUnitReportReporter -->
<testsuite hostname="VaibhavGaikwad" failures="0" tests="1" name="DataDriven.ConfigurationAnnotation" time="0.008" errors="0" timestamp="2024-11-28T17:44:55 IST" skipped="0">
  <testcase classname="DataDriven.ConfigurationAnnotation" name="test" time="0.008"/>
</testsuite> <!-- DataDriven.ConfigurationAnnotation -->
